<?xml version="1.0" encoding="UTF-8"?>
<testng-results ignored="0" total="5" passed="5" failed="0" skipped="0">
  <reporter-output>
  </reporter-output>
  <suite started-at="2026-05-03T20:34:37 IST" name="Amazon E2E Suite" finished-at="2026-05-03T20:36:46 IST" duration-ms="129410">
    <groups>
    </groups>
    <test started-at="2026-05-03T20:34:37 IST" name="EndToEndTests" finished-at="2026-05-03T20:36:46 IST" duration-ms="129410">
      <class name="com.test.AmazonTest">
        <test-method is-config="true" signature="setup()[pri:0, instance:com.test.AmazonTest@1dac5ef]" started-at="2026-05-03T20:34:37 IST" name="setup" finished-at="2026-05-03T20:34:51 IST" duration-ms="13486" status="PASS">
          <reporter-output>
          </reporter-output>
        </test-method> <!-- setup -->
        <test-method signature="step1_Login()[pri:1, instance:com.test.AmazonTest@1dac5ef]" started-at="2026-05-03T20:34:51 IST" name="step1_Login" finished-at="2026-05-03T20:35:21 IST" duration-ms="30431" status="PASS">
          <reporter-output>
          </reporter-output>
        </test-method> <!-- step1_Login -->
        <test-method signature="step2_Search(java.lang.String)[pri:2, instance:com.test.AmazonTest@1dac5ef]" started-at="2026-05-03T20:35:21 IST" name="step2_Search" data-provider="items" finished-at="2026-05-03T20:36:12 IST" depends-on-methods="com.test.AmazonTest.step1_Login" duration-ms="50359" status="PASS">
          <params>
            <param index="0">
              <value>
                <![CDATA[water bottle]]>
              </value>
            </param>
          </params>
          <reporter-output>
          </reporter-output>
        </test-method> <!-- step2_Search -->
        <test-method signature="step3_Select()[pri:3, instance:com.test.AmazonTest@1dac5ef]" started-at="2026-05-03T20:36:12 IST" name="step3_Select" finished-at="2026-05-03T20:36:28 IST" depends-on-methods="com.test.AmazonTest.step2_Search" duration-ms="16691" status="PASS">
          <reporter-output>
          </reporter-output>
        </test-method> <!-- step3_Select -->
        <test-method signature="step4_Cart()[pri:4, instance:com.test.AmazonTest@1dac5ef]" started-at="2026-05-03T20:36:28 IST" name="step4_Cart" finished-at="2026-05-03T20:36:36 IST" depends-on-methods="com.test.AmazonTest.step3_Select" duration-ms="7821" status="PASS">
          <reporter-output>
          </reporter-output>
        </test-method> <!-- step4_Cart -->
        <test-method signature="step5_Checkout()[pri:5, instance:com.test.AmazonTest@1dac5ef]" started-at="2026-05-03T20:36:36 IST" name="step5_Checkout" finished-at="2026-05-03T20:36:46 IST" depends-on-methods="com.test.AmazonTest.step4_Cart" duration-ms="9538" status="PASS">
          <reporter-output>
          </reporter-output>
        </test-method> <!-- step5_Checkout -->
        <test-method is-config="true" signature="tearDown()[pri:0, instance:com.test.AmazonTest@1dac5ef]" started-at="2026-05-03T20:36:46 IST" name="tearDown" finished-at="2026-05-03T20:36:46 IST" duration-ms="848" status="PASS">
          <reporter-output>
          </reporter-output>
        </test-method> <!-- tearDown -->
      </class> <!-- com.test.AmazonTest -->
    </test> <!-- EndToEndTests -->
  </suite> <!-- Amazon E2E Suite -->
</testng-results>
