<?xml version="1.0" encoding="UTF-8"?>
<!-- Generated by org.testng.reporters.JUnitReportReporter -->
<testsuite hostname="Midhuna-HP" failures="0" tests="5" name="com.test.AmazonTest" time="114.840" errors="0" timestamp="2026-05-03T20:36:47 IST" skipped="0">
  <testcase classname="com.test.AmazonTest" name="step1_Login" time="30.431"/>
  <testcase classname="com.test.AmazonTest" name="step2_Search" time="50.359"/>
  <testcase classname="com.test.AmazonTest" name="step3_Select" time="16.691"/>
  <testcase classname="com.test.AmazonTest" name="step4_Cart" time="7.821"/>
  <testcase classname="com.test.AmazonTest" name="step5_Checkout" time="9.538"/>
</testsuite> <!-- com.test.AmazonTest -->
